 
****************************************
Report : area
Design : as_4bit
Version: W-2024.09
Date   : Sun Apr  5 07:32:37 2026
****************************************

Library(s) Used:

    saed32rvt_ss0p7vn40c (File: /home/student/Downloads/Workshop/ref/lib/stdcell_rvt/saed32rvt_ss0p7vn40c.db)

Number of ports:                           17
Number of nets:                            53
Number of cells:                           37
Number of combinational cells:             21
Number of sequential cells:                15
Number of macros/black boxes:               0
Number of buf/inv:                          4
Number of references:                      11

Combinational area:                 57.944832
Buf/Inv area:                        5.845312
Noncombinational area:             106.740482
Macro/Black Box area:                0.000000
Net Interconnect area:              12.301115

Total cell area:                   164.685314
Total area:                        176.986429

Hierarchical area distribution
------------------------------

                                  Global cell area          Local cell area
                                  ------------------  --------------------------- 
Hierarchical cell                 Absolute   Percent  Combi-    Noncombi-  Black-
                                  Total      Total    national  national   boxes   Design
--------------------------------  ---------  -------  --------  ---------  ------  ---------
as_4bit                            164.6853    100.0   57.9448   106.7405  0.0000  as_4bit
--------------------------------  ---------  -------  --------  ---------  ------  ---------
Total                                                  57.9448   106.7405  0.0000

1
