 
****************************************
Report : qor
Design : as_4bit
Version: W-2024.09
Date   : Sun Apr  5 07:32:37 2026
****************************************


  Timing Path Group 'clk'
  -----------------------------------
  Levels of Logic:               5.00
  Critical Path Length:          3.64
  Critical Path Slack:           5.62
  Critical Path Clk Period:     10.00
  Total Negative Slack:          0.00
  No. of Violating Paths:        0.00
  Worst Hold Violation:          0.00
  Total Hold Violation:          0.00
  No. of Hold Violations:        0.00
  -----------------------------------


  Cell Count
  -----------------------------------
  Hierarchical Cell Count:          0
  Hierarchical Port Count:          0
  Leaf Cell Count:                 36
  Buf/Inv Cell Count:               4
  Buf Cell Count:                   0
  Inv Cell Count:                   4
  CT Buf/Inv Cell Count:            0
  Combinational Cell Count:        21
  Sequential Cell Count:           15
  Macro Count:                      0
  -----------------------------------


  Area
  -----------------------------------
  Combinational Area:       57.944832
  Noncombinational Area:   106.740482
  Buf/Inv Area:              5.845312
  Total Buffer Area:             0.00
  Total Inverter Area:           5.85
  Macro/Black Box Area:      0.000000
  Net Area:                 12.301115
  -----------------------------------
  Cell Area:               164.685314
  Design Area:             176.986429


  Design Rules
  -----------------------------------
  Total Number of Nets:            53
  Nets With Violations:             0
  Max Trans Violations:             0
  Max Cap Violations:               0
  -----------------------------------


  Hostname: ict-chipin.sot.pdpu.ac.in

  Compile CPU Statistics
  -----------------------------------------
  Resource Sharing:                    0.02
  Logic Optimization:                  0.03
  Mapping Optimization:                0.18
  -----------------------------------------
  Overall Compile Time:                3.47
  Overall Compile Wall Clock Time:     4.24

  --------------------------------------------------------------------

  Design  WNS: 0.00  TNS: 0.00  Number of Violating Paths: 0


  Design (Hold)  WNS: 0.00  TNS: 0.00  Number of Violating Paths: 0

  --------------------------------------------------------------------


1
