 
****************************************
Report : timing
        -path full
        -delay min
        -max_paths 10
Design : as_4bit
Version: W-2024.09
Date   : Sun Apr  5 07:32:37 2026
****************************************

Operating Conditions: ss0p7vn40c   Library: saed32rvt_ss0p7vn40c
Wire Load Model Mode: enclosed

  Startpoint: A_reg_reg[0]
              (rising edge-triggered flip-flop clocked by clk)
  Endpoint: result_reg[0]
            (rising edge-triggered flip-flop clocked by clk)
  Path Group: clk
  Path Type: min

  Des/Clust/Port     Wire Load Model       Library
  ------------------------------------------------
  as_4bit            ForQA                 saed32rvt_ss0p7vn40c

  Point                                    Incr       Path
  -----------------------------------------------------------
  clock clk (rise edge)                    0.00       0.00
  clock network delay (ideal)              0.00       0.00
  A_reg_reg[0]/CLK (DFFARX1_RVT)           0.00       0.00 r
  A_reg_reg[0]/Q (DFFARX1_RVT)             0.73       0.73 f
  U30/Y (OA21X1_RVT)                       0.44       1.17 f
  result_reg[0]/D (DFFARX1_RVT)            0.00       1.17 f
  data arrival time                                   1.17

  clock clk (rise edge)                    0.00       0.00
  clock network delay (ideal)              0.00       0.00
  clock uncertainty                        0.20       0.20
  result_reg[0]/CLK (DFFARX1_RVT)          0.00       0.20 r
  library hold time                       -0.05       0.15
  data required time                                  0.15
  -----------------------------------------------------------
  data required time                                  0.15
  data arrival time                                  -1.17
  -----------------------------------------------------------
  slack (MET)                                         1.02


  Startpoint: opcode_reg_reg[1]
              (rising edge-triggered flip-flop clocked by clk)
  Endpoint: result_reg[3]
            (rising edge-triggered flip-flop clocked by clk)
  Path Group: clk
  Path Type: min

  Des/Clust/Port     Wire Load Model       Library
  ------------------------------------------------
  as_4bit            ForQA                 saed32rvt_ss0p7vn40c

  Point                                    Incr       Path
  -----------------------------------------------------------
  clock clk (rise edge)                    0.00       0.00
  clock network delay (ideal)              0.00       0.00
  opcode_reg_reg[1]/CLK (DFFARX1_RVT)      0.00       0.00 r
  opcode_reg_reg[1]/QN (DFFARX1_RVT)       0.60       0.60 r
  U45/Y (OA222X1_RVT)                      0.49       1.09 r
  U46/Y (AO21X1_RVT)                       0.21       1.30 r
  result_reg[3]/D (DFFARX1_RVT)            0.00       1.30 r
  data arrival time                                   1.30

  clock clk (rise edge)                    0.00       0.00
  clock network delay (ideal)              0.00       0.00
  clock uncertainty                        0.20       0.20
  result_reg[3]/CLK (DFFARX1_RVT)          0.00       0.20 r
  library hold time                        0.01       0.21
  data required time                                  0.21
  -----------------------------------------------------------
  data required time                                  0.21
  data arrival time                                  -1.30
  -----------------------------------------------------------
  slack (MET)                                         1.08


  Startpoint: opcode_reg_reg[1]
              (rising edge-triggered flip-flop clocked by clk)
  Endpoint: result_reg[2]
            (rising edge-triggered flip-flop clocked by clk)
  Path Group: clk
  Path Type: min

  Des/Clust/Port     Wire Load Model       Library
  ------------------------------------------------
  as_4bit            ForQA                 saed32rvt_ss0p7vn40c

  Point                                    Incr       Path
  -----------------------------------------------------------
  clock clk (rise edge)                    0.00       0.00
  clock network delay (ideal)              0.00       0.00
  opcode_reg_reg[1]/CLK (DFFARX1_RVT)      0.00       0.00 r
  opcode_reg_reg[1]/QN (DFFARX1_RVT)       0.60       0.60 r
  U41/Y (OA222X1_RVT)                      0.49       1.09 r
  U42/Y (AO21X1_RVT)                       0.21       1.30 r
  result_reg[2]/D (DFFARX1_RVT)            0.00       1.30 r
  data arrival time                                   1.30

  clock clk (rise edge)                    0.00       0.00
  clock network delay (ideal)              0.00       0.00
  clock uncertainty                        0.20       0.20
  result_reg[2]/CLK (DFFARX1_RVT)          0.00       0.20 r
  library hold time                        0.01       0.21
  data required time                                  0.21
  -----------------------------------------------------------
  data required time                                  0.21
  data arrival time                                  -1.30
  -----------------------------------------------------------
  slack (MET)                                         1.08


  Startpoint: opcode_reg_reg[1]
              (rising edge-triggered flip-flop clocked by clk)
  Endpoint: result_reg[1]
            (rising edge-triggered flip-flop clocked by clk)
  Path Group: clk
  Path Type: min

  Des/Clust/Port     Wire Load Model       Library
  ------------------------------------------------
  as_4bit            ForQA                 saed32rvt_ss0p7vn40c

  Point                                    Incr       Path
  -----------------------------------------------------------
  clock clk (rise edge)                    0.00       0.00
  clock network delay (ideal)              0.00       0.00
  opcode_reg_reg[1]/CLK (DFFARX1_RVT)      0.00       0.00 r
  opcode_reg_reg[1]/QN (DFFARX1_RVT)       0.60       0.60 r
  U37/Y (OA222X1_RVT)                      0.49       1.09 r
  U38/Y (AO21X1_RVT)                       0.21       1.30 r
  result_reg[1]/D (DFFARX1_RVT)            0.00       1.30 r
  data arrival time                                   1.30

  clock clk (rise edge)                    0.00       0.00
  clock network delay (ideal)              0.00       0.00
  clock uncertainty                        0.20       0.20
  result_reg[1]/CLK (DFFARX1_RVT)          0.00       0.20 r
  library hold time                        0.01       0.21
  data required time                                  0.21
  -----------------------------------------------------------
  data required time                                  0.21
  data arrival time                                  -1.30
  -----------------------------------------------------------
  slack (MET)                                         1.08


  Startpoint: opcode_reg_reg[0]
              (rising edge-triggered flip-flop clocked by clk)
  Endpoint: carry_reg (rising edge-triggered flip-flop clocked by clk)
  Path Group: clk
  Path Type: min

  Des/Clust/Port     Wire Load Model       Library
  ------------------------------------------------
  as_4bit            ForQA                 saed32rvt_ss0p7vn40c

  Point                                    Incr       Path
  -----------------------------------------------------------
  clock clk (rise edge)                    0.00       0.00
  clock network delay (ideal)              0.00       0.00
  opcode_reg_reg[0]/CLK (DFFARX1_RVT)      0.00       0.00 r
  opcode_reg_reg[0]/Q (DFFARX1_RVT)        0.78       0.78 f
  U29/Y (NOR2X0_RVT)                       0.48       1.26 r
  U34/Y (AND2X1_RVT)                       0.24       1.51 r
  carry_reg/D (DFFARX1_RVT)                0.00       1.51 r
  data arrival time                                   1.51

  clock clk (rise edge)                    0.00       0.00
  clock network delay (ideal)              0.00       0.00
  clock uncertainty                        0.20       0.20
  carry_reg/CLK (DFFARX1_RVT)              0.00       0.20 r
  library hold time                        0.01       0.21
  data required time                                  0.21
  -----------------------------------------------------------
  data required time                                  0.21
  data arrival time                                  -1.51
  -----------------------------------------------------------
  slack (MET)                                         1.30


  Startpoint: B[0] (input port clocked by clk)
  Endpoint: B_reg_reg[0]
            (rising edge-triggered flip-flop clocked by clk)
  Path Group: clk
  Path Type: min

  Des/Clust/Port     Wire Load Model       Library
  ------------------------------------------------
  as_4bit            ForQA                 saed32rvt_ss0p7vn40c

  Point                                    Incr       Path
  -----------------------------------------------------------
  clock clk (rise edge)                    0.00       0.00
  clock network delay (ideal)              0.00       0.00
  input external delay                     2.00       2.00 r
  B[0] (in)                                0.00       2.00 r
  B_reg_reg[0]/D (DFFARX1_RVT)             0.00       2.00 r
  data arrival time                                   2.00

  clock clk (rise edge)                    0.00       0.00
  clock network delay (ideal)              0.00       0.00
  clock uncertainty                        0.20       0.20
  B_reg_reg[0]/CLK (DFFARX1_RVT)           0.00       0.20 r
  library hold time                        0.06       0.26
  data required time                                  0.26
  -----------------------------------------------------------
  data required time                                  0.26
  data arrival time                                  -2.00
  -----------------------------------------------------------
  slack (MET)                                         1.74


  Startpoint: A[3] (input port clocked by clk)
  Endpoint: A_reg_reg[3]
            (rising edge-triggered flip-flop clocked by clk)
  Path Group: clk
  Path Type: min

  Des/Clust/Port     Wire Load Model       Library
  ------------------------------------------------
  as_4bit            ForQA                 saed32rvt_ss0p7vn40c

  Point                                    Incr       Path
  -----------------------------------------------------------
  clock clk (rise edge)                    0.00       0.00
  clock network delay (ideal)              0.00       0.00
  input external delay                     2.00       2.00 r
  A[3] (in)                                0.00       2.00 r
  A_reg_reg[3]/D (DFFARX1_RVT)             0.00       2.00 r
  data arrival time                                   2.00

  clock clk (rise edge)                    0.00       0.00
  clock network delay (ideal)              0.00       0.00
  clock uncertainty                        0.20       0.20
  A_reg_reg[3]/CLK (DFFARX1_RVT)           0.00       0.20 r
  library hold time                        0.06       0.26
  data required time                                  0.26
  -----------------------------------------------------------
  data required time                                  0.26
  data arrival time                                  -2.00
  -----------------------------------------------------------
  slack (MET)                                         1.74


  Startpoint: A[2] (input port clocked by clk)
  Endpoint: A_reg_reg[2]
            (rising edge-triggered flip-flop clocked by clk)
  Path Group: clk
  Path Type: min

  Des/Clust/Port     Wire Load Model       Library
  ------------------------------------------------
  as_4bit            ForQA                 saed32rvt_ss0p7vn40c

  Point                                    Incr       Path
  -----------------------------------------------------------
  clock clk (rise edge)                    0.00       0.00
  clock network delay (ideal)              0.00       0.00
  input external delay                     2.00       2.00 r
  A[2] (in)                                0.00       2.00 r
  A_reg_reg[2]/D (DFFARX1_RVT)             0.00       2.00 r
  data arrival time                                   2.00

  clock clk (rise edge)                    0.00       0.00
  clock network delay (ideal)              0.00       0.00
  clock uncertainty                        0.20       0.20
  A_reg_reg[2]/CLK (DFFARX1_RVT)           0.00       0.20 r
  library hold time                        0.06       0.26
  data required time                                  0.26
  -----------------------------------------------------------
  data required time                                  0.26
  data arrival time                                  -2.00
  -----------------------------------------------------------
  slack (MET)                                         1.74


  Startpoint: A[1] (input port clocked by clk)
  Endpoint: A_reg_reg[1]
            (rising edge-triggered flip-flop clocked by clk)
  Path Group: clk
  Path Type: min

  Des/Clust/Port     Wire Load Model       Library
  ------------------------------------------------
  as_4bit            ForQA                 saed32rvt_ss0p7vn40c

  Point                                    Incr       Path
  -----------------------------------------------------------
  clock clk (rise edge)                    0.00       0.00
  clock network delay (ideal)              0.00       0.00
  input external delay                     2.00       2.00 r
  A[1] (in)                                0.00       2.00 r
  A_reg_reg[1]/D (DFFARX1_RVT)             0.00       2.00 r
  data arrival time                                   2.00

  clock clk (rise edge)                    0.00       0.00
  clock network delay (ideal)              0.00       0.00
  clock uncertainty                        0.20       0.20
  A_reg_reg[1]/CLK (DFFARX1_RVT)           0.00       0.20 r
  library hold time                        0.06       0.26
  data required time                                  0.26
  -----------------------------------------------------------
  data required time                                  0.26
  data arrival time                                  -2.00
  -----------------------------------------------------------
  slack (MET)                                         1.74


  Startpoint: A[0] (input port clocked by clk)
  Endpoint: A_reg_reg[0]
            (rising edge-triggered flip-flop clocked by clk)
  Path Group: clk
  Path Type: min

  Des/Clust/Port     Wire Load Model       Library
  ------------------------------------------------
  as_4bit            ForQA                 saed32rvt_ss0p7vn40c

  Point                                    Incr       Path
  -----------------------------------------------------------
  clock clk (rise edge)                    0.00       0.00
  clock network delay (ideal)              0.00       0.00
  input external delay                     2.00       2.00 r
  A[0] (in)                                0.00       2.00 r
  A_reg_reg[0]/D (DFFARX1_RVT)             0.00       2.00 r
  data arrival time                                   2.00

  clock clk (rise edge)                    0.00       0.00
  clock network delay (ideal)              0.00       0.00
  clock uncertainty                        0.20       0.20
  A_reg_reg[0]/CLK (DFFARX1_RVT)           0.00       0.20 r
  library hold time                        0.06       0.26
  data required time                                  0.26
  -----------------------------------------------------------
  data required time                                  0.26
  data arrival time                                  -2.00
  -----------------------------------------------------------
  slack (MET)                                         1.74


1
